info it worked if it ends with ok
verbose cli [ 'node', '/usr/bin/npm', 'install', '-g', 'phonegap' ]
info using npm@1.1.4
info using node@v0.6.12
verbose config file /home/deefactorial/.npmrc
verbose config file /usr/etc/npmrc
verbose config file /usr/share/npm/npmrc
silly exec /usr/bin/node "/usr/share/npm/bin/npm-get-uid-gid.js" "nobody" 1000
silly spawning [ '/usr/bin/node',
silly spawning   [ '/usr/share/npm/bin/npm-get-uid-gid.js', 'nobody', 1000 ],
silly spawning   null ]
silly output from getuid/gid {"uid":65534,"gid":1000}
silly output from getuid/gid 
verbose cache add [ 'phonegap', null ]
silly cache add: name, spec, args [ undefined, 'phonegap', [ 'phonegap', null ] ]
verbose parsed url { pathname: 'phonegap', path: 'phonegap', href: 'phonegap' }
verbose addNamed [ 'phonegap', '' ]
verbose addNamed [ null, '' ]
silly name, range, hasData [ 'phonegap', '', false ]
verbose raw, before any munging phonegap
verbose url resolving [ 'https://registry.npmjs.org/', './phonegap' ]
verbose url resolved https://registry.npmjs.org/phonegap
http GET https://registry.npmjs.org/phonegap
http 200 https://registry.npmjs.org/phonegap
silly get cb [ 200,
silly get cb   { vary: 'Accept',
silly get cb     server: 'CouchDB/1.3.1 (Erlang OTP/R15B03)',
silly get cb     etag: '"5RDTHE5HPBYJFI2JQNIGTI74S"',
silly get cb     date: 'Sun, 22 Sep 2013 18:54:12 GMT',
silly get cb     'content-type': 'application/json',
silly get cb     'content-length': '223785' } ]
verbose mkdir (expected) error ENOENT, no such file or directory '/home/deefactorial/.npm'
verbose mkdir (expected) error ENOENT, no such file or directory '/home/deefactorial/.npm/phonegap'
verbose mkdir done: /home/deefactorial/.npm/phonegap 755
silly name, range, hasData 2 [ 'phonegap', '', true ]
silly versions [ 'phonegap', [] ]
ERR! Error: No compatible version found: phonegap
ERR! No valid targets found.
ERR! Perhaps not compatible with your version of node?
ERR!     at installTargetsError (/usr/share/npm/lib/cache.js:488:10)
ERR!     at next_ (/usr/share/npm/lib/cache.js:438:17)
ERR!     at next (/usr/share/npm/lib/cache.js:415:44)
ERR!     at /usr/share/npm/lib/cache.js:408:5
ERR!     at saved (/usr/share/npm/lib/utils/npm-registry-client/get.js:147:7)
ERR!     at Object.oncomplete (/usr/lib/nodejs/graceful-fs.js:230:7)
ERR! You may report this log at:
ERR!     <http://bugs.debian.org/npm>
ERR! or use
ERR!     reportbug --attach /home/deefactorial/git/omlets/omlets_mobile/npm-debug.log npm
ERR! 
ERR! System Linux 3.2.0-53-generic
ERR! command "node" "/usr/bin/npm" "install" "-g" "phonegap"
ERR! cwd /home/deefactorial/git/omlets/omlets_mobile
ERR! node -v v0.6.12
ERR! npm -v 1.1.4
ERR! message No compatible version found: phonegap
ERR! message No valid targets found.
ERR! message Perhaps not compatible with your version of node?
verbose exit [ 1, true ]
